[2021-05-12 08-52-37] Warning: Cannot use a scalar value as an array in D:\wamp64\www\weblogicmvc\vendor\tracy\tracy\src\Tracy\Bar\Bar.php:76  @  http://localhost/weblogicmvc/webapp/finance/index  @@  exception--2021-05-12--08-52--8b1bf25b57.html
[2021-05-12 08-55-33] Warning: Cannot use a scalar value as an array in D:\wamp64\www\weblogicmvc\vendor\tracy\tracy\src\Tracy\Bar\Bar.php:76  @  http://localhost/weblogicmvc/webapp/finance/index  @@  exception--2021-05-12--08-52--8b1bf25b57.html
[2021-05-12 09-08-40] Warning: Cannot use a scalar value as an array in D:\wamp64\www\weblogicmvc\vendor\tracy\tracy\src\Tracy\Bar\Bar.php:76  @  http://localhost/weblogicmvc/webapp/finance/index  @@  exception--2021-05-12--08-52--8b1bf25b57.html
[2021-05-12 09-08-43] Warning: Cannot use a scalar value as an array in D:\wamp64\www\weblogicmvc\vendor\tracy\tracy\src\Tracy\Bar\Bar.php:76  @  http://localhost/weblogicmvc/webapp/finance/create  @@  exception--2021-05-12--08-52--8b1bf25b57.html
[2021-05-12 09-08-49] Warning: Cannot use a scalar value as an array in D:\wamp64\www\weblogicmvc\vendor\tracy\tracy\src\Tracy\Bar\Bar.php:76  @  http://localhost/weblogicmvc/webapp/finance/index  @@  exception--2021-05-12--08-52--8b1bf25b57.html
[2021-05-12 09-11-12] Warning: Cannot use a scalar value as an array in D:\wamp64\www\weblogicmvc\vendor\tracy\tracy\src\Tracy\Bar\Bar.php:76  @  http://localhost/weblogicmvc/webapp/finance/index  @@  exception--2021-05-12--08-52--8b1bf25b57.html
[2021-05-12 09-11-14] Warning: Cannot use a scalar value as an array in D:\wamp64\www\weblogicmvc\vendor\tracy\tracy\src\Tracy\Bar\Bar.php:76  @  http://localhost/weblogicmvc/webapp/finance/create  @@  exception--2021-05-12--08-52--8b1bf25b57.html
[2021-05-12 09-15-50] Warning: Cannot use a scalar value as an array in D:\wamp64\www\weblogicmvc\vendor\tracy\tracy\src\Tracy\Bar\Bar.php:76  @  http://localhost/weblogicmvc/webapp/finance/create  @@  exception--2021-05-12--08-52--8b1bf25b57.html
[2021-05-12 09-15-51] Warning: Cannot use a scalar value as an array in D:\wamp64\www\weblogicmvc\vendor\tracy\tracy\src\Tracy\Bar\Bar.php:76  @  http://localhost/weblogicmvc/webapp/finance/index  @@  exception--2021-05-12--08-52--8b1bf25b57.html
[2021-05-12 09-16-39] Warning: Cannot use a scalar value as an array in D:\wamp64\www\weblogicmvc\vendor\tracy\tracy\src\Tracy\Bar\Bar.php:76  @  http://localhost/weblogicmvc/webapp/finance/index  @@  exception--2021-05-12--08-52--8b1bf25b57.html
[2021-05-12 09-16-49] Warning: Cannot use a scalar value as an array in D:\wamp64\www\weblogicmvc\vendor\tracy\tracy\src\Tracy\Bar\Bar.php:76  @  http://localhost/weblogicmvc/webapp/finance/show/1  @@  exception--2021-05-12--08-52--8b1bf25b57.html
[2021-05-12 09-16-54] Warning: Cannot use a scalar value as an array in D:\wamp64\www\weblogicmvc\vendor\tracy\tracy\src\Tracy\Bar\Bar.php:76  @  http://localhost/weblogicmvc/webapp/finance/index  @@  exception--2021-05-12--08-52--8b1bf25b57.html
[2021-05-12 09-23-01] Warning: Cannot use a scalar value as an array in D:\wamp64\www\weblogicmvc\vendor\tracy\tracy\src\Tracy\Bar\Bar.php:76  @  http://localhost/weblogicmvc/webapp/finance/index  @@  exception--2021-05-12--08-52--8b1bf25b57.html
[2021-05-12 09-23-04] Warning: Cannot use a scalar value as an array in D:\wamp64\www\weblogicmvc\vendor\tracy\tracy\src\Tracy\Bar\Bar.php:76  @  http://localhost/weblogicmvc/webapp/finance/create  @@  exception--2021-05-12--08-52--8b1bf25b57.html
[2021-05-12 09-31-20] Warning: Cannot use a scalar value as an array in D:\wamp64\www\weblogicmvc\vendor\tracy\tracy\src\Tracy\Bar\Bar.php:76  @  http://localhost/weblogicmvc/webapp/finance/create  @@  exception--2021-05-12--08-52--8b1bf25b57.html
[2021-05-12 09-31-22] Warning: Cannot use a scalar value as an array in D:\wamp64\www\weblogicmvc\vendor\tracy\tracy\src\Tracy\Bar\Bar.php:76  @  http://localhost/weblogicmvc/webapp/finance/index  @@  exception--2021-05-12--08-52--8b1bf25b57.html
[2021-05-12 09-31-24] Warning: Cannot use a scalar value as an array in D:\wamp64\www\weblogicmvc\vendor\tracy\tracy\src\Tracy\Bar\Bar.php:76  @  http://localhost/weblogicmvc/webapp/finance/index  @@  exception--2021-05-12--08-52--8b1bf25b57.html
[2021-05-12 09-31-27] Warning: Cannot use a scalar value as an array in D:\wamp64\www\weblogicmvc\vendor\tracy\tracy\src\Tracy\Bar\Bar.php:76  @  http://localhost/weblogicmvc/webapp/finance/show/1  @@  exception--2021-05-12--08-52--8b1bf25b57.html
[2021-05-12 09-31-33] Warning: Cannot use a scalar value as an array in D:\wamp64\www\weblogicmvc\vendor\tracy\tracy\src\Tracy\Bar\Bar.php:76  @  http://localhost/weblogicmvc/webapp/finance/index  @@  exception--2021-05-12--08-52--8b1bf25b57.html
[2021-05-12 09-33-42] Warning: Cannot use a scalar value as an array in D:\wamp64\www\weblogicmvc\vendor\tracy\tracy\src\Tracy\Bar\Bar.php:76  @  http://localhost/weblogicmvc/webapp/finance/show/1  @@  exception--2021-05-12--08-52--8b1bf25b57.html
[2021-05-12 09-33-53] Warning: Cannot use a scalar value as an array in D:\wamp64\www\weblogicmvc\vendor\tracy\tracy\src\Tracy\Bar\Bar.php:76  @  http://localhost/weblogicmvc/webapp/finance/index  @@  exception--2021-05-12--08-52--8b1bf25b57.html
[2021-05-12 09-34-16] Warning: Cannot use a scalar value as an array in D:\wamp64\www\weblogicmvc\vendor\tracy\tracy\src\Tracy\Bar\Bar.php:76  @  http://localhost/weblogicmvc/webapp/finance/create  @@  exception--2021-05-12--08-52--8b1bf25b57.html
[2021-05-12 09-34-47] Warning: Cannot use a scalar value as an array in D:\wamp64\www\weblogicmvc\vendor\tracy\tracy\src\Tracy\Bar\Bar.php:76  @  http://localhost/weblogicmvc/webapp/finance/create  @@  exception--2021-05-12--08-52--8b1bf25b57.html
[2021-05-12 09-34-51] Warning: Cannot use a scalar value as an array in D:\wamp64\www\weblogicmvc\vendor\tracy\tracy\src\Tracy\Bar\Bar.php:76  @  http://localhost/weblogicmvc/webapp/finance/create  @@  exception--2021-05-12--08-52--8b1bf25b57.html
[2021-05-12 09-36-04] Warning: Cannot use a scalar value as an array in D:\wamp64\www\weblogicmvc\vendor\tracy\tracy\src\Tracy\Bar\Bar.php:76  @  http://localhost/weblogicmvc/webapp/finance/index  @@  exception--2021-05-12--08-52--8b1bf25b57.html
[2021-05-12 09-36-06] Warning: Cannot use a scalar value as an array in D:\wamp64\www\weblogicmvc\vendor\tracy\tracy\src\Tracy\Bar\Bar.php:76  @  http://localhost/weblogicmvc/webapp/finance/show/1  @@  exception--2021-05-12--08-52--8b1bf25b57.html
[2021-05-12 09-37-22] Warning: Cannot use a scalar value as an array in D:\wamp64\www\weblogicmvc\vendor\tracy\tracy\src\Tracy\Bar\Bar.php:76  @  http://localhost/weblogicmvc/webapp/finance/index  @@  exception--2021-05-12--08-52--8b1bf25b57.html
[2021-05-12 09-37-24] Warning: Cannot use a scalar value as an array in D:\wamp64\www\weblogicmvc\vendor\tracy\tracy\src\Tracy\Bar\Bar.php:76  @  http://localhost/weblogicmvc/webapp/finance/show/1  @@  exception--2021-05-12--08-52--8b1bf25b57.html
[2021-05-12 09-37-31] Warning: Cannot use a scalar value as an array in D:\wamp64\www\weblogicmvc\vendor\tracy\tracy\src\Tracy\Bar\Bar.php:76  @  http://localhost/weblogicmvc/webapp/finance/index  @@  exception--2021-05-12--08-52--8b1bf25b57.html
[2021-05-12 09-37-34] Warning: Cannot use a scalar value as an array in D:\wamp64\www\weblogicmvc\vendor\tracy\tracy\src\Tracy\Bar\Bar.php:76  @  http://localhost/weblogicmvc/webapp/finance/edit/1  @@  exception--2021-05-12--08-52--8b1bf25b57.html
[2021-05-12 09-37-43] Warning: Cannot use a scalar value as an array in D:\wamp64\www\weblogicmvc\vendor\tracy\tracy\src\Tracy\Bar\Bar.php:76  @  http://localhost/weblogicmvc/webapp/finance/index  @@  exception--2021-05-12--08-52--8b1bf25b57.html
[2021-05-12 09-37-45] Warning: Cannot use a scalar value as an array in D:\wamp64\www\weblogicmvc\vendor\tracy\tracy\src\Tracy\Bar\Bar.php:76  @  http://localhost/weblogicmvc/webapp/finance/show/1  @@  exception--2021-05-12--08-52--8b1bf25b57.html
[2021-05-12 09-37-46] Warning: Cannot use a scalar value as an array in D:\wamp64\www\weblogicmvc\vendor\tracy\tracy\src\Tracy\Bar\Bar.php:76  @  http://localhost/weblogicmvc/webapp/finance/index  @@  exception--2021-05-12--08-52--8b1bf25b57.html
[2021-05-12 09-38-06] Warning: Cannot use a scalar value as an array in D:\wamp64\www\weblogicmvc\vendor\tracy\tracy\src\Tracy\Bar\Bar.php:76  @  http://localhost/weblogicmvc/webapp/finance/index  @@  exception--2021-05-12--08-52--8b1bf25b57.html
[2021-05-12 09-38-10] Warning: Cannot use a scalar value as an array in D:\wamp64\www\weblogicmvc\vendor\tracy\tracy\src\Tracy\Bar\Bar.php:76  @  http://localhost/weblogicmvc/webapp/finance/create  @@  exception--2021-05-12--08-52--8b1bf25b57.html
[2021-05-12 09-38-21] Warning: Cannot use a scalar value as an array in D:\wamp64\www\weblogicmvc\vendor\tracy\tracy\src\Tracy\Bar\Bar.php:76  @  http://localhost/weblogicmvc/webapp/finance/store  @@  exception--2021-05-12--08-52--8b1bf25b57.html
[2021-05-12 09-38-59] Warning: Cannot use a scalar value as an array in D:\wamp64\www\weblogicmvc\vendor\tracy\tracy\src\Tracy\Bar\Bar.php:76  @  http://localhost/weblogicmvc/webapp/finance/create  @@  exception--2021-05-12--08-52--8b1bf25b57.html
[2021-05-12 09-39-04] Warning: Cannot use a scalar value as an array in D:\wamp64\www\weblogicmvc\vendor\tracy\tracy\src\Tracy\Bar\Bar.php:76  @  http://localhost/weblogicmvc/webapp/finance/store  @@  exception--2021-05-12--08-52--8b1bf25b57.html
[2021-05-12 09-39-24] Warning: Cannot use a scalar value as an array in D:\wamp64\www\weblogicmvc\vendor\tracy\tracy\src\Tracy\Bar\Bar.php:76  @  http://localhost/weblogicmvc/webapp/finance/create  @@  exception--2021-05-12--08-52--8b1bf25b57.html
[2021-05-12 09-39-26] Warning: Cannot use a scalar value as an array in D:\wamp64\www\weblogicmvc\vendor\tracy\tracy\src\Tracy\Bar\Bar.php:76  @  http://localhost/weblogicmvc/webapp/finance/store  @@  exception--2021-05-12--08-52--8b1bf25b57.html
[2021-05-12 09-40-14] Warning: Cannot use a scalar value as an array in D:\wamp64\www\weblogicmvc\vendor\tracy\tracy\src\Tracy\Bar\Bar.php:76  @  http://localhost/weblogicmvc/webapp/finance/create  @@  exception--2021-05-12--08-52--8b1bf25b57.html
[2021-05-12 09-40-15] Warning: Cannot use a scalar value as an array in D:\wamp64\www\weblogicmvc\vendor\tracy\tracy\src\Tracy\Bar\Bar.php:76  @  http://localhost/weblogicmvc/webapp/finance/index  @@  exception--2021-05-12--08-52--8b1bf25b57.html
[2021-05-12 09-40-32] Warning: Cannot use a scalar value as an array in D:\wamp64\www\weblogicmvc\vendor\tracy\tracy\src\Tracy\Bar\Bar.php:76  @  http://localhost/weblogicmvc/webapp/finance/create  @@  exception--2021-05-12--08-52--8b1bf25b57.html
[2021-05-12 09-40-57] Warning: Cannot use a scalar value as an array in D:\wamp64\www\weblogicmvc\vendor\tracy\tracy\src\Tracy\Bar\Bar.php:76  @  http://localhost/weblogicmvc/webapp/finance/store  @@  exception--2021-05-12--08-52--8b1bf25b57.html
[2021-05-12 09-40-59] Warning: Cannot use a scalar value as an array in D:\wamp64\www\weblogicmvc\vendor\tracy\tracy\src\Tracy\Bar\Bar.php:76  @  http://localhost/weblogicmvc/webapp/finance/create  @@  exception--2021-05-12--08-52--8b1bf25b57.html
[2021-05-12 09-41-00] Warning: Cannot use a scalar value as an array in D:\wamp64\www\weblogicmvc\vendor\tracy\tracy\src\Tracy\Bar\Bar.php:76  @  http://localhost/weblogicmvc/webapp/finance/index  @@  exception--2021-05-12--08-52--8b1bf25b57.html
[2021-05-12 09-41-28] Warning: Cannot use a scalar value as an array in D:\wamp64\www\weblogicmvc\vendor\tracy\tracy\src\Tracy\Bar\Bar.php:76  @  http://localhost/weblogicmvc/webapp/finance/create  @@  exception--2021-05-12--08-52--8b1bf25b57.html
[2021-05-12 09-41-41] Warning: Cannot use a scalar value as an array in D:\wamp64\www\weblogicmvc\vendor\tracy\tracy\src\Tracy\Bar\Bar.php:76  @  http://localhost/weblogicmvc/webapp/finance/store  @@  exception--2021-05-12--08-52--8b1bf25b57.html
[2021-05-12 09-41-42] Warning: Cannot use a scalar value as an array in D:\wamp64\www\weblogicmvc\vendor\tracy\tracy\src\Tracy\Bar\Bar.php:76  @  http://localhost/weblogicmvc/webapp/finance/create  @@  exception--2021-05-12--08-52--8b1bf25b57.html
[2021-05-12 09-41-42] Warning: Cannot use a scalar value as an array in D:\wamp64\www\weblogicmvc\vendor\tracy\tracy\src\Tracy\Bar\Bar.php:76  @  http://localhost/weblogicmvc/webapp/finance/index  @@  exception--2021-05-12--08-52--8b1bf25b57.html
[2021-05-12 09-42-47] Warning: Cannot use a scalar value as an array in D:\wamp64\www\weblogicmvc\vendor\tracy\tracy\src\Tracy\Bar\Bar.php:76  @  http://localhost/weblogicmvc/webapp/finance/destroy/2  @@  exception--2021-05-12--08-52--8b1bf25b57.html
[2021-05-12 09-42-48] Warning: Cannot use a scalar value as an array in D:\wamp64\www\weblogicmvc\vendor\tracy\tracy\src\Tracy\Bar\Bar.php:76  @  http://localhost/weblogicmvc/webapp/finance/index  @@  exception--2021-05-12--08-52--8b1bf25b57.html
[2021-05-12 09-42-54] Warning: Cannot use a scalar value as an array in D:\wamp64\www\weblogicmvc\vendor\tracy\tracy\src\Tracy\Bar\Bar.php:76  @  http://localhost/weblogicmvc/webapp/finance/destroy/3  @@  exception--2021-05-12--08-52--8b1bf25b57.html
[2021-05-12 09-43-16] Warning: Cannot use a scalar value as an array in D:\wamp64\www\weblogicmvc\vendor\tracy\tracy\src\Tracy\Bar\Bar.php:76  @  http://localhost/weblogicmvc/webapp/finance/index  @@  exception--2021-05-12--08-52--8b1bf25b57.html
[2021-05-12 09-43-21] Warning: Cannot use a scalar value as an array in D:\wamp64\www\weblogicmvc\vendor\tracy\tracy\src\Tracy\Bar\Bar.php:76  @  http://localhost/weblogicmvc/webapp/finance/show/4  @@  exception--2021-05-12--08-52--8b1bf25b57.html
[2021-05-12 09-43-22] Warning: Cannot use a scalar value as an array in D:\wamp64\www\weblogicmvc\vendor\tracy\tracy\src\Tracy\Bar\Bar.php:76  @  http://localhost/weblogicmvc/webapp/finance/index  @@  exception--2021-05-12--08-52--8b1bf25b57.html
[2021-05-12 09-45-06] Warning: Cannot use a scalar value as an array in D:\wamp64\www\weblogicmvc\vendor\tracy\tracy\src\Tracy\Bar\Bar.php:76  @  http://localhost/weblogicmvc/webapp/finance/show/4  @@  exception--2021-05-12--08-52--8b1bf25b57.html
[2021-05-12 09-45-42] Warning: Cannot use a scalar value as an array in D:\wamp64\www\weblogicmvc\vendor\tracy\tracy\src\Tracy\Bar\Bar.php:76  @  http://localhost/weblogicmvc/webapp/finance/index  @@  exception--2021-05-12--08-52--8b1bf25b57.html
[2021-05-12 09-47-35] Warning: Cannot use a scalar value as an array in D:\wamp64\www\weblogicmvc\vendor\tracy\tracy\src\Tracy\Bar\Bar.php:76  @  http://localhost/weblogicmvc/webapp/finance/index  @@  exception--2021-05-12--08-52--8b1bf25b57.html
[2021-05-12 09-47-39] Warning: Cannot use a scalar value as an array in D:\wamp64\www\weblogicmvc\vendor\tracy\tracy\src\Tracy\Bar\Bar.php:76  @  http://localhost/weblogicmvc/webapp/finance/index  @@  exception--2021-05-12--08-52--8b1bf25b57.html
[2021-05-12 09-47-42] Warning: Cannot use a scalar value as an array in D:\wamp64\www\weblogicmvc\vendor\tracy\tracy\src\Tracy\Bar\Bar.php:76  @  http://localhost/weblogicmvc/webapp/finance/index  @@  exception--2021-05-12--08-52--8b1bf25b57.html
[2021-05-12 09-48-08] Warning: Cannot use a scalar value as an array in D:\wamp64\www\weblogicmvc\vendor\tracy\tracy\src\Tracy\Bar\Bar.php:76  @  http://localhost/weblogicmvc/webapp/finance/index  @@  exception--2021-05-12--08-52--8b1bf25b57.html
[2021-05-12 09-54-51] Warning: Cannot use a scalar value as an array in D:\wamp64\www\weblogicmvc\vendor\tracy\tracy\src\Tracy\Bar\Bar.php:76  @  http://localhost/weblogicmvc/webapp/finance/index  @@  exception--2021-05-12--08-52--8b1bf25b57.html
[2021-05-12 09-54-52] Warning: Cannot use a scalar value as an array in D:\wamp64\www\weblogicmvc\vendor\tracy\tracy\src\Tracy\Bar\Bar.php:76  @  http://localhost/weblogicmvc/webapp/  @@  exception--2021-05-12--08-52--8b1bf25b57.html
[2021-05-12 09-58-10] Warning: Cannot use a scalar value as an array in D:\wamp64\www\weblogicmvc\vendor\tracy\tracy\src\Tracy\Bar\Bar.php:76  @  http://localhost/weblogicmvc/webapp/  @@  exception--2021-05-12--08-52--8b1bf25b57.html
[2021-05-12 09-58-12] Warning: Cannot use a scalar value as an array in D:\wamp64\www\weblogicmvc\vendor\tracy\tracy\src\Tracy\Bar\Bar.php:76  @  http://localhost/weblogicmvc/webapp/  @@  exception--2021-05-12--08-52--8b1bf25b57.html
[2021-05-12 09-58-27] Warning: Cannot use a scalar value as an array in D:\wamp64\www\weblogicmvc\vendor\tracy\tracy\src\Tracy\Bar\Bar.php:76  @  http://localhost/weblogicmvc/webapp/  @@  exception--2021-05-12--08-52--8b1bf25b57.html
[2021-05-12 09-59-29] Warning: Cannot use a scalar value as an array in D:\wamp64\www\weblogicmvc\vendor\tracy\tracy\src\Tracy\Bar\Bar.php:76  @  http://localhost/weblogicmvc/webapp/  @@  exception--2021-05-12--08-52--8b1bf25b57.html
[2021-05-12 10-02-30] Warning: Cannot use a scalar value as an array in D:\wamp64\www\weblogicmvc\vendor\tracy\tracy\src\Tracy\Bar\Bar.php:76  @  http://localhost/weblogicmvc/webapp/  @@  exception--2021-05-12--08-52--8b1bf25b57.html
[2021-05-12 10-06-40] Warning: Cannot use a scalar value as an array in D:\wamp64\www\weblogicmvc\vendor\tracy\tracy\src\Tracy\Bar\Bar.php:76  @  http://localhost/weblogicmvc/webapp/  @@  exception--2021-05-12--08-52--8b1bf25b57.html
[2021-05-12 10-07-46] Warning: Cannot use a scalar value as an array in D:\wamp64\www\weblogicmvc\vendor\tracy\tracy\src\Tracy\Bar\Bar.php:76  @  http://localhost/weblogicmvc/webapp/  @@  exception--2021-05-12--08-52--8b1bf25b57.html
